<?xml version="1.0" encoding="UTF-8"?>
<testsuite xmlns:xsi="http://www.w3.org/2001/XMLSchema-instance" xsi:noNamespaceSchemaLocation="https://maven.apache.org/surefire/maven-surefire-plugin/xsd/surefire-test-report-3.0.xsd" version="3.0" name="core.commands.CommandHandlerTest" time="0.107" tests="3" errors="0" skipped="0" failures="0">
  <properties>
    <property name="java.specification.version" value="17"/>
    <property name="sun.jnu.encoding" value="UTF-8"/>
    <property name="java.class.path" value="/Users/nick/Desktop/MultiCLIA/target/test-classes:/Users/nick/Desktop/MultiCLIA/target/classes:/Users/nick/.m2/repository/org/graalvm/js/js/22.0.0/js-22.0.0.jar:/Users/nick/.m2/repository/org/graalvm/regex/regex/22.0.0/regex-22.0.0.jar:/Users/nick/.m2/repository/org/graalvm/truffle/truffle-api/22.0.0/truffle-api-22.0.0.jar:/Users/nick/.m2/repository/org/graalvm/sdk/graal-sdk/22.0.0/graal-sdk-22.0.0.jar:/Users/nick/.m2/repository/com/google/code/gson/gson/2.10.1/gson-2.10.1.jar:/Users/nick/.m2/repository/com/squareup/okhttp3/okhttp/4.9.3/okhttp-4.9.3.jar:/Users/nick/.m2/repository/com/squareup/okio/okio/2.8.0/okio-2.8.0.jar:/Users/nick/.m2/repository/org/jetbrains/kotlin/kotlin-stdlib-common/1.4.0/kotlin-stdlib-common-1.4.0.jar:/Users/nick/.m2/repository/org/jetbrains/kotlin/kotlin-stdlib/1.4.10/kotlin-stdlib-1.4.10.jar:/Users/nick/.m2/repository/com/deepl/api/deepl-java/1.4.0/deepl-java-1.4.0.jar:/Users/nick/.m2/repository/com/fasterxml/jackson/core/jackson-databind/2.15.0/jackson-databind-2.15.0.jar:/Users/nick/.m2/repository/com/fasterxml/jackson/core/jackson-annotations/2.15.0/jackson-annotations-2.15.0.jar:/Users/nick/.m2/repository/com/fasterxml/jackson/core/jackson-core/2.15.0/jackson-core-2.15.0.jar:/Users/nick/.m2/repository/org/projectlombok/lombok/1.18.26/lombok-1.18.26.jar:/Users/nick/.m2/repository/org/jline/jline/3.23.0/jline-3.23.0.jar:/Users/nick/.m2/repository/org/junit/jupiter/junit-jupiter-api/5.9.2/junit-jupiter-api-5.9.2.jar:/Users/nick/.m2/repository/org/opentest4j/opentest4j/1.2.0/opentest4j-1.2.0.jar:/Users/nick/.m2/repository/org/junit/platform/junit-platform-commons/1.9.2/junit-platform-commons-1.9.2.jar:/Users/nick/.m2/repository/org/apiguardian/apiguardian-api/1.1.2/apiguardian-api-1.1.2.jar:/Users/nick/.m2/repository/org/junit/jupiter/junit-jupiter-engine/5.9.2/junit-jupiter-engine-5.9.2.jar:/Users/nick/.m2/repository/org/junit/platform/junit-platform-engine/1.9.2/junit-platform-engine-1.9.2.jar:/Users/nick/.m2/repository/org/bouncycastle/bcprov-jdk18on/1.76/bcprov-jdk18on-1.76.jar:/Users/nick/.m2/repository/org/json/json/20230618/json-20230618.jar:/Users/nick/.m2/repository/ch/qos/logback/logback-core/1.4.14/logback-core-1.4.14.jar:/Users/nick/.m2/repository/com/github/lalyos/jfiglet/0.0.8/jfiglet-0.0.8.jar:/Users/nick/.m2/repository/com/theokanning/openai-gpt3-java/api/0.18.2/api-0.18.2.jar:/Users/nick/.m2/repository/com/knuddels/jtokkit/0.5.1/jtokkit-0.5.1.jar:/Users/nick/.m2/repository/com/theokanning/openai-gpt3-java/service/0.18.2/service-0.18.2.jar:/Users/nick/.m2/repository/com/theokanning/openai-gpt3-java/client/0.18.2/client-0.18.2.jar:/Users/nick/.m2/repository/com/squareup/retrofit2/retrofit/2.9.0/retrofit-2.9.0.jar:/Users/nick/.m2/repository/com/squareup/retrofit2/adapter-rxjava2/2.9.0/adapter-rxjava2-2.9.0.jar:/Users/nick/.m2/repository/io/reactivex/rxjava2/rxjava/2.0.0/rxjava-2.0.0.jar:/Users/nick/.m2/repository/org/reactivestreams/reactive-streams/1.0.3/reactive-streams-1.0.3.jar:/Users/nick/.m2/repository/com/squareup/retrofit2/converter-jackson/2.9.0/converter-jackson-2.9.0.jar:/Users/nick/.m2/repository/com/kjetland/mbknor-jackson-jsonschema_2.12/1.0.34/mbknor-jackson-jsonschema_2.12-1.0.34.jar:/Users/nick/.m2/repository/org/scala-lang/scala-library/2.12.8/scala-library-2.12.8.jar:/Users/nick/.m2/repository/javax/validation/validation-api/2.0.1.Final/validation-api-2.0.1.Final.jar:/Users/nick/.m2/repository/org/slf4j/slf4j-api/1.7.26/slf4j-api-1.7.26.jar:/Users/nick/.m2/repository/io/github/classgraph/classgraph/4.8.21/classgraph-4.8.21.jar:/Users/nick/.m2/repository/io/github/cdimascio/java-dotenv/5.2.2/java-dotenv-5.2.2.jar:/Users/nick/.m2/repository/com/google/zxing/javase/3.4.1/javase-3.4.1.jar:/Users/nick/.m2/repository/com/google/zxing/core/3.4.1/core-3.4.1.jar:/Users/nick/.m2/repository/com/beust/jcommander/1.78/jcommander-1.78.jar:/Users/nick/.m2/repository/com/github/jai-imageio/jai-imageio-core/1.4.0/jai-imageio-core-1.4.0.jar:/Users/nick/.m2/repository/org/jetbrains/annotations/24.0.0/annotations-24.0.0.jar:"/>
    <property name="java.vm.vendor" value="Amazon.com Inc."/>
    <property name="sun.arch.data.model" value="64"/>
    <property name="java.vendor.url" value="https://aws.amazon.com/corretto/"/>
    <property name="os.name" value="Mac OS X"/>
    <property name="java.vm.specification.version" value="17"/>
    <property name="sun.java.launcher" value="SUN_STANDARD"/>
    <property name="user.country" value="CZ"/>
    <property name="sun.boot.library.path" value="/Users/nick/Library/Java/JavaVirtualMachines/corretto-17.0.13/Contents/Home/lib"/>
    <property name="sun.java.command" value="/Users/nick/Desktop/MultiCLIA/target/surefire/surefirebooter-20250409102020108_3.jar /Users/nick/Desktop/MultiCLIA/target/surefire 2025-04-09T10-20-20_071-jvmRun1 surefire-20250409102020108_1tmp surefire_0-20250409102020108_2tmp"/>
    <property name="http.nonProxyHosts" value="local|*.local|169.254/16|*.169.254/16"/>
    <property name="jdk.debug" value="release"/>
    <property name="surefire.test.class.path" value="/Users/nick/Desktop/MultiCLIA/target/test-classes:/Users/nick/Desktop/MultiCLIA/target/classes:/Users/nick/.m2/repository/org/graalvm/js/js/22.0.0/js-22.0.0.jar:/Users/nick/.m2/repository/org/graalvm/regex/regex/22.0.0/regex-22.0.0.jar:/Users/nick/.m2/repository/org/graalvm/truffle/truffle-api/22.0.0/truffle-api-22.0.0.jar:/Users/nick/.m2/repository/org/graalvm/sdk/graal-sdk/22.0.0/graal-sdk-22.0.0.jar:/Users/nick/.m2/repository/com/google/code/gson/gson/2.10.1/gson-2.10.1.jar:/Users/nick/.m2/repository/com/squareup/okhttp3/okhttp/4.9.3/okhttp-4.9.3.jar:/Users/nick/.m2/repository/com/squareup/okio/okio/2.8.0/okio-2.8.0.jar:/Users/nick/.m2/repository/org/jetbrains/kotlin/kotlin-stdlib-common/1.4.0/kotlin-stdlib-common-1.4.0.jar:/Users/nick/.m2/repository/org/jetbrains/kotlin/kotlin-stdlib/1.4.10/kotlin-stdlib-1.4.10.jar:/Users/nick/.m2/repository/com/deepl/api/deepl-java/1.4.0/deepl-java-1.4.0.jar:/Users/nick/.m2/repository/com/fasterxml/jackson/core/jackson-databind/2.15.0/jackson-databind-2.15.0.jar:/Users/nick/.m2/repository/com/fasterxml/jackson/core/jackson-annotations/2.15.0/jackson-annotations-2.15.0.jar:/Users/nick/.m2/repository/com/fasterxml/jackson/core/jackson-core/2.15.0/jackson-core-2.15.0.jar:/Users/nick/.m2/repository/org/projectlombok/lombok/1.18.26/lombok-1.18.26.jar:/Users/nick/.m2/repository/org/jline/jline/3.23.0/jline-3.23.0.jar:/Users/nick/.m2/repository/org/junit/jupiter/junit-jupiter-api/5.9.2/junit-jupiter-api-5.9.2.jar:/Users/nick/.m2/repository/org/opentest4j/opentest4j/1.2.0/opentest4j-1.2.0.jar:/Users/nick/.m2/repository/org/junit/platform/junit-platform-commons/1.9.2/junit-platform-commons-1.9.2.jar:/Users/nick/.m2/repository/org/apiguardian/apiguardian-api/1.1.2/apiguardian-api-1.1.2.jar:/Users/nick/.m2/repository/org/junit/jupiter/junit-jupiter-engine/5.9.2/junit-jupiter-engine-5.9.2.jar:/Users/nick/.m2/repository/org/junit/platform/junit-platform-engine/1.9.2/junit-platform-engine-1.9.2.jar:/Users/nick/.m2/repository/org/bouncycastle/bcprov-jdk18on/1.76/bcprov-jdk18on-1.76.jar:/Users/nick/.m2/repository/org/json/json/20230618/json-20230618.jar:/Users/nick/.m2/repository/ch/qos/logback/logback-core/1.4.14/logback-core-1.4.14.jar:/Users/nick/.m2/repository/com/github/lalyos/jfiglet/0.0.8/jfiglet-0.0.8.jar:/Users/nick/.m2/repository/com/theokanning/openai-gpt3-java/api/0.18.2/api-0.18.2.jar:/Users/nick/.m2/repository/com/knuddels/jtokkit/0.5.1/jtokkit-0.5.1.jar:/Users/nick/.m2/repository/com/theokanning/openai-gpt3-java/service/0.18.2/service-0.18.2.jar:/Users/nick/.m2/repository/com/theokanning/openai-gpt3-java/client/0.18.2/client-0.18.2.jar:/Users/nick/.m2/repository/com/squareup/retrofit2/retrofit/2.9.0/retrofit-2.9.0.jar:/Users/nick/.m2/repository/com/squareup/retrofit2/adapter-rxjava2/2.9.0/adapter-rxjava2-2.9.0.jar:/Users/nick/.m2/repository/io/reactivex/rxjava2/rxjava/2.0.0/rxjava-2.0.0.jar:/Users/nick/.m2/repository/org/reactivestreams/reactive-streams/1.0.3/reactive-streams-1.0.3.jar:/Users/nick/.m2/repository/com/squareup/retrofit2/converter-jackson/2.9.0/converter-jackson-2.9.0.jar:/Users/nick/.m2/repository/com/kjetland/mbknor-jackson-jsonschema_2.12/1.0.34/mbknor-jackson-jsonschema_2.12-1.0.34.jar:/Users/nick/.m2/repository/org/scala-lang/scala-library/2.12.8/scala-library-2.12.8.jar:/Users/nick/.m2/repository/javax/validation/validation-api/2.0.1.Final/validation-api-2.0.1.Final.jar:/Users/nick/.m2/repository/org/slf4j/slf4j-api/1.7.26/slf4j-api-1.7.26.jar:/Users/nick/.m2/repository/io/github/classgraph/classgraph/4.8.21/classgraph-4.8.21.jar:/Users/nick/.m2/repository/io/github/cdimascio/java-dotenv/5.2.2/java-dotenv-5.2.2.jar:/Users/nick/.m2/repository/com/google/zxing/javase/3.4.1/javase-3.4.1.jar:/Users/nick/.m2/repository/com/google/zxing/core/3.4.1/core-3.4.1.jar:/Users/nick/.m2/repository/com/beust/jcommander/1.78/jcommander-1.78.jar:/Users/nick/.m2/repository/com/github/jai-imageio/jai-imageio-core/1.4.0/jai-imageio-core-1.4.0.jar:/Users/nick/.m2/repository/org/jetbrains/annotations/24.0.0/annotations-24.0.0.jar:"/>
    <property name="sun.cpu.endian" value="little"/>
    <property name="user.home" value="/Users/nick"/>
    <property name="user.language" value="en"/>
    <property name="java.specification.vendor" value="Oracle Corporation"/>
    <property name="java.version.date" value="2024-10-15"/>
    <property name="java.home" value="/Users/nick/Library/Java/JavaVirtualMachines/corretto-17.0.13/Contents/Home"/>
    <property name="file.separator" value="/"/>
    <property name="basedir" value="/Users/nick/Desktop/MultiCLIA"/>
    <property name="java.vm.compressedOopsMode" value="Zero based"/>
    <property name="line.separator" value="&#10;"/>
    <property name="java.specification.name" value="Java Platform API Specification"/>
    <property name="java.vm.specification.vendor" value="Oracle Corporation"/>
    <property name="surefire.real.class.path" value="/Users/nick/Desktop/MultiCLIA/target/surefire/surefirebooter-20250409102020108_3.jar"/>
    <property name="sun.management.compiler" value="HotSpot 64-Bit Tiered Compilers"/>
    <property name="ftp.nonProxyHosts" value="local|*.local|169.254/16|*.169.254/16"/>
    <property name="java.runtime.version" value="17.0.13+11-LTS"/>
    <property name="user.name" value="nick"/>
    <property name="path.separator" value=":"/>
    <property name="os.version" value="14.4"/>
    <property name="java.runtime.name" value="OpenJDK Runtime Environment"/>
    <property name="file.encoding" value="UTF-8"/>
    <property name="java.vm.name" value="OpenJDK 64-Bit Server VM"/>
    <property name="java.vendor.version" value="Corretto-17.0.13.11.1"/>
    <property name="localRepository" value="/Users/nick/.m2/repository"/>
    <property name="java.vendor.url.bug" value="https://github.com/corretto/corretto-17/issues/"/>
    <property name="java.io.tmpdir" value="/var/folders/hp/7x9nlz9n30dc60xdml_7p6740000gn/T/"/>
    <property name="java.version" value="17.0.13"/>
    <property name="user.dir" value="/Users/nick/Desktop/MultiCLIA"/>
    <property name="os.arch" value="aarch64"/>
    <property name="java.vm.specification.name" value="Java Virtual Machine Specification"/>
    <property name="native.encoding" value="UTF-8"/>
    <property name="java.library.path" value="/Users/nick/Library/Java/Extensions:/Library/Java/Extensions:/Network/Library/Java/Extensions:/System/Library/Java/Extensions:/usr/lib/java:."/>
    <property name="java.vm.info" value="mixed mode, sharing"/>
    <property name="java.vendor" value="Amazon.com Inc."/>
    <property name="java.vm.version" value="17.0.13+11-LTS"/>
    <property name="java.specification.maintenance.version" value="1"/>
    <property name="sun.io.unicode.encoding" value="UnicodeBig"/>
    <property name="socksNonProxyHosts" value="local|*.local|169.254/16|*.169.254/16"/>
    <property name="java.class.version" value="61.0"/>
  </properties>
  <testcase name="testCommandRegistration" classname="core.commands.CommandHandlerTest" time="0.099"/>
  <testcase name="testCommandExecution" classname="core.commands.CommandHandlerTest" time="0.001"/>
  <testcase name="testInvalidCommandIndex" classname="core.commands.CommandHandlerTest" time="0.001"/>
</testsuite>